#
# There is insufficient memory for the Java Runtime Environment to continue.
# Native memory allocation (malloc) failed to allocate 2446576 bytes for Chunk::new
# Possible reasons:
#   The system is out of physical RAM or swap space
#   The process is running with CompressedOops enabled, and the Java Heap may be blocking the growth of the native heap
# Possible solutions:
#   Reduce memory load on the system
#   Increase physical memory or swap space
#   Check if swap backing store is full
#   Decrease Java heap size (-Xmx/-Xms)
#   Decrease number of Java threads
#   Decrease Java thread stack sizes (-Xss)
#   Set larger code cache with -XX:ReservedCodeCacheSize=
#   JVM is running with Unscaled Compressed Oops mode in which the Java heap is
#     placed in the first 4GB address space. The Java Heap base address is the
#     maximum limit for the native heap growth. Please use -XX:HeapBaseMinAddress
#     to set the Java Heap base and to place the Java Heap above 4GB virtual address.
# This output file may be truncated or incomplete.
#
#  Out of Memory Error (./src/hotspot/share/memory/arena.cpp:197), pid=15776, tid=12952
#
# JRE version: OpenJDK Runtime Environment JBR-11.0.9.1.11-1145.63-jcef (11.0.9.1+11) (build 11.0.9.1+11-b1145.63)
# Java VM: OpenJDK 64-Bit Server VM JBR-11.0.9.1.11-1145.63-jcef (11.0.9.1+11-b1145.63, mixed mode, tiered, compressed oops, g1 gc, windows-amd64)
# No core dump will be written. Minidumps are not enabled by default on client versions of Windows
#

---------------  S U M M A R Y ------------

Command Line: -Djava.net.preferIPv4Stack=true -Djava.rmi.server.hostname=127.0.0.1 -Duser.timezone=UTC -Xmx2011m -Xms128m -Dfile.encoding=UTF-8 com.intellij.database.remote.RemoteJdbcServer com.mysql.cj.jdbc.Driver

Host: Intel(R) Core(TM) i5-7300HQ CPU @ 2.50GHz, 4 cores, 15G,  Windows 10 , 64 bit Build 19041 (10.0.19041.662)
Time: Tue Feb  2 12:59:19 2021 中国标准时间 elapsed time: 5866.248447 seconds (0d 1h 37m 46s)

---------------  T H R E A D  ---------------

Current thread (0x0000014aff223000):  JavaThread "C2 CompilerThread0" daemon [_thread_in_native, id=12952, stack(0x00000002acd00000,0x00000002ace00000)]


Current CompileTask:
C2:5866248 3069   !   4       java.io.ObjectOutputStream::writeObject0 (619 bytes)

Stack: [0x00000002acd00000,0x00000002ace00000]
Native frames: (J=compiled Java code, j=interpreted, Vv=VM code, C=native code)
V  [jvm.dll+0x5edd9a]
V  [jvm.dll+0x7229c5]
V  [jvm.dll+0x723f1d]
V  [jvm.dll+0x7245d3]
V  [jvm.dll+0x2431b8]
V  [jvm.dll+0xbc34c]
V  [jvm.dll+0xbc84c]
V  [jvm.dll+0x35354b]
V  [jvm.dll+0x3211f3]
V  [jvm.dll+0x3206ea]
V  [jvm.dll+0x1fc012]
V  [jvm.dll+0x1fb1e4]
V  [jvm.dll+0x183aac]
V  [jvm.dll+0x209957]
V  [jvm.dll+0x2081a1]
V  [jvm.dll+0x6eb73f]
V  [jvm.dll+0x6e42d5]
V  [jvm.dll+0x5ecd46]
C  [ucrtbase.dll+0x214c2]
C  [KERNEL32.DLL+0x17034]
C  [ntdll.dll+0x4d0d1]


---------------  P R O C E S S  ---------------

Threads class SMR info:
_java_thread_list=0x0000014a965c7f30, length=18, elements={
0x0000014afa53f800, 0x0000014aff202000, 0x0000014aff205000, 0x0000014affa96000,
0x0000014aff221000, 0x0000014aff223000, 0x0000014aff226800, 0x0000014affaed800,
0x0000014affc1e000, 0x0000014affc28000, 0x0000014affcfb800, 0x0000014a95050800,
0x0000014a95035000, 0x0000014a9502f000, 0x0000014a9502f800, 0x0000014a950f2000,
0x0000014a950c8000, 0x0000014a95413000
}

Java Threads: ( => current thread )
  0x0000014afa53f800 JavaThread "main" [_thread_blocked, id=18172, stack(0x00000002ac200000,0x00000002ac300000)]
  0x0000014aff202000 JavaThread "Reference Handler" daemon [_thread_blocked, id=13940, stack(0x00000002ac900000,0x00000002aca00000)]
  0x0000014aff205000 JavaThread "Finalizer" daemon [_thread_blocked, id=13020, stack(0x00000002aca00000,0x00000002acb00000)]
  0x0000014affa96000 JavaThread "Signal Dispatcher" daemon [_thread_blocked, id=17588, stack(0x00000002acb00000,0x00000002acc00000)]
  0x0000014aff221000 JavaThread "Attach Listener" daemon [_thread_blocked, id=18436, stack(0x00000002acc00000,0x00000002acd00000)]
=>0x0000014aff223000 JavaThread "C2 CompilerThread0" daemon [_thread_in_native, id=12952, stack(0x00000002acd00000,0x00000002ace00000)]
  0x0000014aff226800 JavaThread "C1 CompilerThread0" daemon [_thread_blocked, id=10660, stack(0x00000002ace00000,0x00000002acf00000)]
  0x0000014affaed800 JavaThread "Sweeper thread" daemon [_thread_blocked, id=3756, stack(0x00000002acf00000,0x00000002ad000000)]
  0x0000014affc1e000 JavaThread "Service Thread" daemon [_thread_blocked, id=13672, stack(0x00000002ad000000,0x00000002ad100000)]
  0x0000014affc28000 JavaThread "Common-Cleaner" daemon [_thread_blocked, id=11236, stack(0x00000002ad200000,0x00000002ad300000)]
  0x0000014affcfb800 JavaThread "mysql-cj-abandoned-connection-cleanup" daemon [_thread_blocked, id=14292, stack(0x00000002ad300000,0x00000002ad400000)]
  0x0000014a95050800 JavaThread "RMI TCP Accept-23662" daemon [_thread_in_native, id=14832, stack(0x00000002ad400000,0x00000002ad500000)]
  0x0000014a95035000 JavaThread "RMI TCP Accept-0" daemon [_thread_in_native, id=8264, stack(0x00000002ad500000,0x00000002ad600000)]
  0x0000014a9502f000 JavaThread "RMI Reaper" [_thread_blocked, id=10612, stack(0x00000002ad600000,0x00000002ad700000)]
  0x0000014a9502f800 JavaThread "RMI GC Daemon" daemon [_thread_blocked, id=13512, stack(0x00000002ad700000,0x00000002ad800000)]
  0x0000014a950f2000 JavaThread "RMI Scheduler(0)" daemon [_thread_blocked, id=13660, stack(0x00000002adb00000,0x00000002adc00000)]
  0x0000014a950c8000 JavaThread "RMI RenewClean-[127.0.0.1:13623]" daemon [_thread_blocked, id=19372, stack(0x00000002add00000,0x00000002ade00000)]
  0x0000014a95413000 JavaThread "RMI TCP Connection(26)-127.0.0.1" daemon [_thread_in_native, id=17924, stack(0x00000002abf00000,0x00000002ac000000)]

Other Threads:
  0x0000014aff1dd000 VMThread "VM Thread" [stack: 0x00000002ac800000,0x00000002ac900000] [id=18200]
  0x0000014affc1f000 WatcherThread [stack: 0x00000002ad100000,0x00000002ad200000] [id=10560]
  0x0000014afa552800 GCTaskThread "GC Thread#0" [stack: 0x00000002ac300000,0x00000002ac400000] [id=3264]
  0x0000014a95118800 GCTaskThread "GC Thread#1" [stack: 0x00000002ade00000,0x00000002adf00000] [id=8224]
  0x0000014a95380000 GCTaskThread "GC Thread#2" [stack: 0x00000002adf00000,0x00000002ae000000] [id=18460]
  0x0000014a95216000 GCTaskThread "GC Thread#3" [stack: 0x00000002ae000000,0x00000002ae100000] [id=9896]
  0x0000014afa585800 ConcurrentGCThread "G1 Main Marker" [stack: 0x00000002ac400000,0x00000002ac500000] [id=18564]
  0x0000014afa586800 ConcurrentGCThread "G1 Conc#0" [stack: 0x00000002ac500000,0x00000002ac600000] [id=12724]
  0x0000014aff050800 ConcurrentGCThread "G1 Refine#0" [stack: 0x00000002ac600000,0x00000002ac700000] [id=3496]
  0x0000014aff051800 ConcurrentGCThread "G1 Young RemSet Sampling" [stack: 0x00000002ac700000,0x00000002ac800000] [id=1704]

Threads with active compile tasks:
C2 CompilerThread05866302 3069   !   4       java.io.ObjectOutputStream::writeObject0 (619 bytes)

VM state:not at safepoint (normal execution)

VM Mutex/Monitor currently owned by a thread: None

Heap address: 0x0000000082400000, size: 2012 MB, Compressed Oops mode: 32-bit
Narrow klass base: 0x0000000000000000, Narrow klass shift: 3
Compressed class space size: 1073741824 Address: 0x0000000100000000

Heap:
 garbage-first heap   total 131072K, used 12750K [0x0000000082400000, 0x0000000100000000)
  region size 1024K, 6 young (6144K), 0 survivors (0K)
 Metaspace       used 22528K, capacity 23087K, committed 23472K, reserved 1071104K
  class space    used 2260K, capacity 2442K, committed 2560K, reserved 1048576K
Heap Regions: E=young(eden), S=young(survivor), O=old, HS=humongous(starts), HC=humongous(continues), CS=collection set, F=free, A=archive, TAMS=top-at-mark-start (previous, next)
|   0|0x0000000082400000, 0x00000000824ffff8, 0x0000000082500000| 99%| O|  |TAMS 0x0000000082400000, 0x0000000082400000| Untracked 
|   1|0x0000000082500000, 0x00000000825fde20, 0x0000000082600000| 99%| O|  |TAMS 0x0000000082500000, 0x0000000082500000| Untracked 
|   2|0x0000000082600000, 0x00000000826ffff0, 0x0000000082700000| 99%| O|  |TAMS 0x0000000082600000, 0x0000000082600000| Untracked 
|   3|0x0000000082700000, 0x00000000827ffff8, 0x0000000082800000| 99%| O|  |TAMS 0x0000000082700000, 0x0000000082700000| Untracked 
|   4|0x0000000082800000, 0x00000000828ed290, 0x0000000082900000| 92%| O|  |TAMS 0x0000000082800000, 0x0000000082800000| Untracked 
|   5|0x0000000082900000, 0x00000000829eaf68, 0x0000000082a00000| 91%| O|  |TAMS 0x0000000082900000, 0x0000000082900000| Untracked 
|   6|0x0000000082a00000, 0x0000000082ad23c8, 0x0000000082b00000| 82%| O|  |TAMS 0x0000000082a00000, 0x0000000082a00000| Untracked 
|   7|0x0000000082b00000, 0x0000000082b00000, 0x0000000082c00000|  0%| F|  |TAMS 0x0000000082b00000, 0x0000000082b00000| Untracked 
|   8|0x0000000082c00000, 0x0000000082c00000, 0x0000000082d00000|  0%| F|  |TAMS 0x0000000082c00000, 0x0000000082c00000| Untracked 
|   9|0x0000000082d00000, 0x0000000082d00000, 0x0000000082e00000|  0%| F|  |TAMS 0x0000000082d00000, 0x0000000082d00000| Untracked 
|  10|0x0000000082e00000, 0x0000000082e00000, 0x0000000082f00000|  0%| F|  |TAMS 0x0000000082e00000, 0x0000000082e00000| Untracked 
|  11|0x0000000082f00000, 0x0000000082f00000, 0x0000000083000000|  0%| F|  |TAMS 0x0000000082f00000, 0x0000000082f00000| Untracked 
|  12|0x0000000083000000, 0x0000000083000000, 0x0000000083100000|  0%| F|  |TAMS 0x0000000083000000, 0x0000000083000000| Untracked 
|  13|0x0000000083100000, 0x0000000083100000, 0x0000000083200000|  0%| F|  |TAMS 0x0000000083100000, 0x0000000083100000| Untracked 
|  14|0x0000000083200000, 0x0000000083200000, 0x0000000083300000|  0%| F|  |TAMS 0x0000000083200000, 0x0000000083200000| Untracked 
|  15|0x0000000083300000, 0x0000000083300000, 0x0000000083400000|  0%| F|  |TAMS 0x0000000083300000, 0x0000000083300000| Untracked 
|  16|0x0000000083400000, 0x0000000083400000, 0x0000000083500000|  0%| F|  |TAMS 0x0000000083400000, 0x0000000083400000| Untracked 
|  17|0x0000000083500000, 0x0000000083500000, 0x0000000083600000|  0%| F|  |TAMS 0x0000000083500000, 0x0000000083500000| Untracked 
|  18|0x0000000083600000, 0x0000000083600000, 0x0000000083700000|  0%| F|  |TAMS 0x0000000083600000, 0x0000000083600000| Untracked 
|  19|0x0000000083700000, 0x0000000083700000, 0x0000000083800000|  0%| F|  |TAMS 0x0000000083700000, 0x0000000083700000| Untracked 
|  20|0x0000000083800000, 0x0000000083800000, 0x0000000083900000|  0%| F|  |TAMS 0x0000000083800000, 0x0000000083800000| Untracked 
|  21|0x0000000083900000, 0x0000000083900000, 0x0000000083a00000|  0%| F|  |TAMS 0x0000000083900000, 0x0000000083900000| Untracked 
|  22|0x0000000083a00000, 0x0000000083a00000, 0x0000000083b00000|  0%| F|  |TAMS 0x0000000083a00000, 0x0000000083a00000| Untracked 
|  23|0x0000000083b00000, 0x0000000083b00000, 0x0000000083c00000|  0%| F|  |TAMS 0x0000000083b00000, 0x0000000083b00000| Untracked 
|  24|0x0000000083c00000, 0x0000000083c00000, 0x0000000083d00000|  0%| F|  |TAMS 0x0000000083c00000, 0x0000000083c00000| Untracked 
|  25|0x0000000083d00000, 0x0000000083d00000, 0x0000000083e00000|  0%| F|  |TAMS 0x0000000083d00000, 0x0000000083d00000| Untracked 
|  26|0x0000000083e00000, 0x0000000083e00000, 0x0000000083f00000|  0%| F|  |TAMS 0x0000000083e00000, 0x0000000083e00000| Untracked 
|  27|0x0000000083f00000, 0x0000000083f00000, 0x0000000084000000|  0%| F|  |TAMS 0x0000000083f00000, 0x0000000083f00000| Untracked 
|  28|0x0000000084000000, 0x0000000084000000, 0x0000000084100000|  0%| F|  |TAMS 0x0000000084000000, 0x0000000084000000| Untracked 
|  29|0x0000000084100000, 0x0000000084100000, 0x0000000084200000|  0%| F|  |TAMS 0x0000000084100000, 0x0000000084100000| Untracked 
|  30|0x0000000084200000, 0x0000000084200000, 0x0000000084300000|  0%| F|  |TAMS 0x0000000084200000, 0x0000000084200000| Untracked 
|  31|0x0000000084300000, 0x0000000084300000, 0x0000000084400000|  0%| F|  |TAMS 0x0000000084300000, 0x0000000084300000| Untracked 
|  32|0x0000000084400000, 0x0000000084400000, 0x0000000084500000|  0%| F|  |TAMS 0x0000000084400000, 0x0000000084400000| Untracked 
|  33|0x0000000084500000, 0x0000000084500000, 0x0000000084600000|  0%| F|  |TAMS 0x0000000084500000, 0x0000000084500000| Untracked 
|  34|0x0000000084600000, 0x0000000084600000, 0x0000000084700000|  0%| F|  |TAMS 0x0000000084600000, 0x0000000084600000| Untracked 
|  35|0x0000000084700000, 0x0000000084700000, 0x0000000084800000|  0%| F|  |TAMS 0x0000000084700000, 0x0000000084700000| Untracked 
|  36|0x0000000084800000, 0x0000000084800000, 0x0000000084900000|  0%| F|  |TAMS 0x0000000084800000, 0x0000000084800000| Untracked 
|  37|0x0000000084900000, 0x0000000084900000, 0x0000000084a00000|  0%| F|  |TAMS 0x0000000084900000, 0x0000000084900000| Untracked 
|  38|0x0000000084a00000, 0x0000000084a00000, 0x0000000084b00000|  0%| F|  |TAMS 0x0000000084a00000, 0x0000000084a00000| Untracked 
|  39|0x0000000084b00000, 0x0000000084b00000, 0x0000000084c00000|  0%| F|  |TAMS 0x0000000084b00000, 0x0000000084b00000| Untracked 
|  40|0x0000000084c00000, 0x0000000084c00000, 0x0000000084d00000|  0%| F|  |TAMS 0x0000000084c00000, 0x0000000084c00000| Untracked 
|  41|0x0000000084d00000, 0x0000000084d00000, 0x0000000084e00000|  0%| F|  |TAMS 0x0000000084d00000, 0x0000000084d00000| Untracked 
|  42|0x0000000084e00000, 0x0000000084e00000, 0x0000000084f00000|  0%| F|  |TAMS 0x0000000084e00000, 0x0000000084e00000| Untracked 
|  43|0x0000000084f00000, 0x0000000084f00000, 0x0000000085000000|  0%| F|  |TAMS 0x0000000084f00000, 0x0000000084f00000| Untracked 
|  44|0x0000000085000000, 0x0000000085000000, 0x0000000085100000|  0%| F|  |TAMS 0x0000000085000000, 0x0000000085000000| Untracked 
|  45|0x0000000085100000, 0x0000000085100000, 0x0000000085200000|  0%| F|  |TAMS 0x0000000085100000, 0x0000000085100000| Untracked 
|  46|0x0000000085200000, 0x0000000085200000, 0x0000000085300000|  0%| F|  |TAMS 0x0000000085200000, 0x0000000085200000| Untracked 
|  47|0x0000000085300000, 0x0000000085300000, 0x0000000085400000|  0%| F|  |TAMS 0x0000000085300000, 0x0000000085300000| Untracked 
|  48|0x0000000085400000, 0x0000000085400000, 0x0000000085500000|  0%| F|  |TAMS 0x0000000085400000, 0x0000000085400000| Untracked 
|  49|0x0000000085500000, 0x0000000085500000, 0x0000000085600000|  0%| F|  |TAMS 0x0000000085500000, 0x0000000085500000| Untracked 
|  50|0x0000000085600000, 0x0000000085600000, 0x0000000085700000|  0%| F|  |TAMS 0x0000000085600000, 0x0000000085600000| Untracked 
|  51|0x0000000085700000, 0x0000000085700000, 0x0000000085800000|  0%| F|  |TAMS 0x0000000085700000, 0x0000000085700000| Untracked 
|  52|0x0000000085800000, 0x0000000085800000, 0x0000000085900000|  0%| F|  |TAMS 0x0000000085800000, 0x0000000085800000| Untracked 
|  53|0x0000000085900000, 0x0000000085900000, 0x0000000085a00000|  0%| F|  |TAMS 0x0000000085900000, 0x0000000085900000| Untracked 
|  54|0x0000000085a00000, 0x0000000085a00000, 0x0000000085b00000|  0%| F|  |TAMS 0x0000000085a00000, 0x0000000085a00000| Untracked 
|  55|0x0000000085b00000, 0x0000000085b00000, 0x0000000085c00000|  0%| F|  |TAMS 0x0000000085b00000, 0x0000000085b00000| Untracked 
|  56|0x0000000085c00000, 0x0000000085c00000, 0x0000000085d00000|  0%| F|  |TAMS 0x0000000085c00000, 0x0000000085c00000| Untracked 
|  57|0x0000000085d00000, 0x0000000085d00000, 0x0000000085e00000|  0%| F|  |TAMS 0x0000000085d00000, 0x0000000085d00000| Untracked 
|  58|0x0000000085e00000, 0x0000000085ecb7f8, 0x0000000085f00000| 79%| O|  |TAMS 0x0000000085e00000, 0x0000000085e00000| Untracked 
|  59|0x0000000085f00000, 0x0000000085f00000, 0x0000000086000000|  0%| F|  |TAMS 0x0000000085f00000, 0x0000000085f00000| Untracked 
|  60|0x0000000086000000, 0x0000000086000000, 0x0000000086100000|  0%| F|  |TAMS 0x0000000086000000, 0x0000000086000000| Untracked 
|  61|0x0000000086100000, 0x0000000086100000, 0x0000000086200000|  0%| F|  |TAMS 0x0000000086100000, 0x0000000086100000| Untracked 
|  62|0x0000000086200000, 0x0000000086200000, 0x0000000086300000|  0%| F|  |TAMS 0x0000000086200000, 0x0000000086200000| Untracked 
|  63|0x0000000086300000, 0x0000000086300000, 0x0000000086400000|  0%| F|  |TAMS 0x0000000086300000, 0x0000000086300000| Untracked 
|  64|0x0000000086400000, 0x0000000086400000, 0x0000000086500000|  0%| F|  |TAMS 0x0000000086400000, 0x0000000086400000| Untracked 
|  65|0x0000000086500000, 0x0000000086500000, 0x0000000086600000|  0%| F|  |TAMS 0x0000000086500000, 0x0000000086500000| Untracked 
|  66|0x0000000086600000, 0x0000000086600000, 0x0000000086700000|  0%| F|  |TAMS 0x0000000086600000, 0x0000000086600000| Untracked 
|  67|0x0000000086700000, 0x0000000086700000, 0x0000000086800000|  0%| F|  |TAMS 0x0000000086700000, 0x0000000086700000| Untracked 
|  68|0x0000000086800000, 0x0000000086800000, 0x0000000086900000|  0%| F|  |TAMS 0x0000000086800000, 0x0000000086800000| Untracked 
|  69|0x0000000086900000, 0x0000000086900000, 0x0000000086a00000|  0%| F|  |TAMS 0x0000000086900000, 0x0000000086900000| Untracked 
|  70|0x0000000086a00000, 0x0000000086a00000, 0x0000000086b00000|  0%| F|  |TAMS 0x0000000086a00000, 0x0000000086a00000| Untracked 
|  71|0x0000000086b00000, 0x0000000086b00000, 0x0000000086c00000|  0%| F|  |TAMS 0x0000000086b00000, 0x0000000086b00000| Untracked 
|  72|0x0000000086c00000, 0x0000000086c00000, 0x0000000086d00000|  0%| F|  |TAMS 0x0000000086c00000, 0x0000000086c00000| Untracked 
|  73|0x0000000086d00000, 0x0000000086d00000, 0x0000000086e00000|  0%| F|  |TAMS 0x0000000086d00000, 0x0000000086d00000| Untracked 
|  74|0x0000000086e00000, 0x0000000086e00000, 0x0000000086f00000|  0%| F|  |TAMS 0x0000000086e00000, 0x0000000086e00000| Untracked 
|  75|0x0000000086f00000, 0x0000000086f00000, 0x0000000087000000|  0%| F|  |TAMS 0x0000000086f00000, 0x0000000086f00000| Untracked 
|  76|0x0000000087000000, 0x0000000087000000, 0x0000000087100000|  0%| F|  |TAMS 0x0000000087000000, 0x0000000087000000| Untracked 
|  77|0x0000000087100000, 0x0000000087100000, 0x0000000087200000|  0%| F|  |TAMS 0x0000000087100000, 0x0000000087100000| Untracked 
|  78|0x0000000087200000, 0x0000000087200000, 0x0000000087300000|  0%| F|  |TAMS 0x0000000087200000, 0x0000000087200000| Untracked 
|  79|0x0000000087300000, 0x0000000087300000, 0x0000000087400000|  0%| F|  |TAMS 0x0000000087300000, 0x0000000087300000| Untracked 
|  80|0x0000000087400000, 0x0000000087400000, 0x0000000087500000|  0%| F|  |TAMS 0x0000000087400000, 0x0000000087400000| Untracked 
|  81|0x0000000087500000, 0x0000000087500000, 0x0000000087600000|  0%| F|  |TAMS 0x0000000087500000, 0x0000000087500000| Untracked 
|  82|0x0000000087600000, 0x0000000087600000, 0x0000000087700000|  0%| F|  |TAMS 0x0000000087600000, 0x0000000087600000| Untracked 
|  83|0x0000000087700000, 0x0000000087700000, 0x0000000087800000|  0%| F|  |TAMS 0x0000000087700000, 0x0000000087700000| Untracked 
|  84|0x0000000087800000, 0x0000000087800000, 0x0000000087900000|  0%| F|  |TAMS 0x0000000087800000, 0x0000000087800000| Untracked 
|  85|0x0000000087900000, 0x0000000087900000, 0x0000000087a00000|  0%| F|  |TAMS 0x0000000087900000, 0x0000000087900000| Untracked 
|  86|0x0000000087a00000, 0x0000000087a00000, 0x0000000087b00000|  0%| F|  |TAMS 0x0000000087a00000, 0x0000000087a00000| Untracked 
|  87|0x0000000087b00000, 0x0000000087b00000, 0x0000000087c00000|  0%| F|  |TAMS 0x0000000087b00000, 0x0000000087b00000| Untracked 
|  88|0x0000000087c00000, 0x0000000087c00000, 0x0000000087d00000|  0%| F|  |TAMS 0x0000000087c00000, 0x0000000087c00000| Untracked 
|  89|0x0000000087d00000, 0x0000000087d00000, 0x0000000087e00000|  0%| F|  |TAMS 0x0000000087d00000, 0x0000000087d00000| Untracked 
|  90|0x0000000087e00000, 0x0000000087e00000, 0x0000000087f00000|  0%| F|  |TAMS 0x0000000087e00000, 0x0000000087e00000| Untracked 
|  91|0x0000000087f00000, 0x0000000087f00000, 0x0000000088000000|  0%| F|  |TAMS 0x0000000087f00000, 0x0000000087f00000| Untracked 
|  92|0x0000000088000000, 0x0000000088000000, 0x0000000088100000|  0%| F|  |TAMS 0x0000000088000000, 0x0000000088000000| Untracked 
|  93|0x0000000088100000, 0x0000000088100000, 0x0000000088200000|  0%| F|  |TAMS 0x0000000088100000, 0x0000000088100000| Untracked 
|  94|0x0000000088200000, 0x0000000088200000, 0x0000000088300000|  0%| F|  |TAMS 0x0000000088200000, 0x0000000088200000| Untracked 
|  95|0x0000000088300000, 0x0000000088300000, 0x0000000088400000|  0%| F|  |TAMS 0x0000000088300000, 0x0000000088300000| Untracked 
|  96|0x0000000088400000, 0x0000000088400000, 0x0000000088500000|  0%| F|  |TAMS 0x0000000088400000, 0x0000000088400000| Untracked 
|  97|0x0000000088500000, 0x0000000088500000, 0x0000000088600000|  0%| F|  |TAMS 0x0000000088500000, 0x0000000088500000| Untracked 
|  98|0x0000000088600000, 0x0000000088600000, 0x0000000088700000|  0%| F|  |TAMS 0x0000000088600000, 0x0000000088600000| Untracked 
|  99|0x0000000088700000, 0x0000000088700000, 0x0000000088800000|  0%| F|  |TAMS 0x0000000088700000, 0x0000000088700000| Untracked 
| 100|0x0000000088800000, 0x0000000088800000, 0x0000000088900000|  0%| F|  |TAMS 0x0000000088800000, 0x0000000088800000| Untracked 
| 101|0x0000000088900000, 0x0000000088900000, 0x0000000088a00000|  0%| F|  |TAMS 0x0000000088900000, 0x0000000088900000| Untracked 
| 102|0x0000000088a00000, 0x0000000088a00000, 0x0000000088b00000|  0%| F|  |TAMS 0x0000000088a00000, 0x0000000088a00000| Untracked 
| 103|0x0000000088b00000, 0x0000000088b00000, 0x0000000088c00000|  0%| F|  |TAMS 0x0000000088b00000, 0x0000000088b00000| Untracked 
| 104|0x0000000088c00000, 0x0000000088c00000, 0x0000000088d00000|  0%| F|  |TAMS 0x0000000088c00000, 0x0000000088c00000| Untracked 
| 105|0x0000000088d00000, 0x0000000088d00000, 0x0000000088e00000|  0%| F|  |TAMS 0x0000000088d00000, 0x0000000088d00000| Untracked 
| 106|0x0000000088e00000, 0x0000000088e00000, 0x0000000088f00000|  0%| F|  |TAMS 0x0000000088e00000, 0x0000000088e00000| Untracked 
| 107|0x0000000088f00000, 0x0000000088f00000, 0x0000000089000000|  0%| F|  |TAMS 0x0000000088f00000, 0x0000000088f00000| Untracked 
| 108|0x0000000089000000, 0x0000000089000000, 0x0000000089100000|  0%| F|  |TAMS 0x0000000089000000, 0x0000000089000000| Untracked 
| 109|0x0000000089100000, 0x0000000089100000, 0x0000000089200000|  0%| F|  |TAMS 0x0000000089100000, 0x0000000089100000| Untracked 
| 110|0x0000000089200000, 0x0000000089200000, 0x0000000089300000|  0%| F|  |TAMS 0x0000000089200000, 0x0000000089200000| Untracked 
| 111|0x0000000089300000, 0x0000000089300000, 0x0000000089400000|  0%| F|  |TAMS 0x0000000089300000, 0x0000000089300000| Untracked 
| 112|0x0000000089400000, 0x0000000089400000, 0x0000000089500000|  0%| F|  |TAMS 0x0000000089400000, 0x0000000089400000| Untracked 
| 113|0x0000000089500000, 0x0000000089500000, 0x0000000089600000|  0%| F|  |TAMS 0x0000000089500000, 0x0000000089500000| Untracked 
| 114|0x0000000089600000, 0x0000000089600000, 0x0000000089700000|  0%| F|  |TAMS 0x0000000089600000, 0x0000000089600000| Untracked 
| 115|0x0000000089700000, 0x0000000089700000, 0x0000000089800000|  0%| F|  |TAMS 0x0000000089700000, 0x0000000089700000| Untracked 
| 116|0x0000000089800000, 0x0000000089800000, 0x0000000089900000|  0%| F|  |TAMS 0x0000000089800000, 0x0000000089800000| Untracked 
| 117|0x0000000089900000, 0x0000000089900000, 0x0000000089a00000|  0%| F|  |TAMS 0x0000000089900000, 0x0000000089900000| Untracked 
| 118|0x0000000089a00000, 0x0000000089a00000, 0x0000000089b00000|  0%| F|  |TAMS 0x0000000089a00000, 0x0000000089a00000| Untracked 
| 119|0x0000000089b00000, 0x0000000089b00000, 0x0000000089c00000|  0%| F|  |TAMS 0x0000000089b00000, 0x0000000089b00000| Untracked 
| 120|0x0000000089c00000, 0x0000000089c00000, 0x0000000089d00000|  0%| F|  |TAMS 0x0000000089c00000, 0x0000000089c00000| Untracked 
| 121|0x0000000089d00000, 0x0000000089d00000, 0x0000000089e00000|  0%| F|  |TAMS 0x0000000089d00000, 0x0000000089d00000| Untracked 
| 122|0x0000000089e00000, 0x0000000089f00000, 0x0000000089f00000|100%| E|  |TAMS 0x0000000089e00000, 0x0000000089e00000| Complete 
| 123|0x0000000089f00000, 0x000000008a000000, 0x000000008a000000|100%| E|CS|TAMS 0x0000000089f00000, 0x0000000089f00000| Complete 
| 124|0x000000008a000000, 0x000000008a100000, 0x000000008a100000|100%| E|CS|TAMS 0x000000008a000000, 0x000000008a000000| Complete 
| 125|0x000000008a100000, 0x000000008a200000, 0x000000008a200000|100%| E|CS|TAMS 0x000000008a100000, 0x000000008a100000| Complete 
| 126|0x000000008a200000, 0x000000008a300000, 0x000000008a300000|100%| E|CS|TAMS 0x000000008a200000, 0x000000008a200000| Complete 
| 127|0x000000008a300000, 0x000000008a400000, 0x000000008a400000|100%| E|CS|TAMS 0x000000008a300000, 0x000000008a300000| Complete 

Card table byte_map: [0x0000014afe530000,0x0000014afe920000] _byte_map_base: 0x0000014afe11e000

Marking Bits (Prev, Next): (CMBitMap*) 0x0000014afa57bd30, (CMBitMap*) 0x0000014afa57bcf8
 Prev Bits: [0x0000014a90f70000, 0x0000014a92ee0000)
 Next Bits: [0x0000014a8f000000, 0x0000014a90f70000)

Polling page: 0x0000014af84b0000

Metaspace:

Usage:
  Non-class:     20.16 MB capacity,    19.79 MB ( 98%) used,   321.20 KB (  2%) free+waste,    55.44 KB ( <1%) overhead. 
      Class:      2.38 MB capacity,     2.21 MB ( 93%) used,   156.14 KB (  6%) free+waste,    25.25 KB (  1%) overhead. 
       Both:     22.55 MB capacity,    22.00 MB ( 98%) used,   477.34 KB (  2%) free+waste,    80.69 KB ( <1%) overhead. 

Virtual space:
  Non-class space:       22.00 MB reserved,      20.42 MB ( 93%) committed 
      Class space:        1.00 GB reserved,       2.50 MB ( <1%) committed 
             Both:        1.02 GB reserved,      22.92 MB (  2%) committed 

Chunk freelists:
   Non-Class:  75.00 KB
       Class:  0 bytes
        Both:  75.00 KB

MaxMetaspaceSize: 17179869184.00 GB
CompressedClassSpaceSize: 1.00 GB

CodeHeap 'non-profiled nmethods': size=120064Kb used=1214Kb max_used=1214Kb free=118849Kb
 bounds [0x0000014a87ac0000, 0x0000014a87d30000, 0x0000014a8f000000]
CodeHeap 'profiled nmethods': size=120000Kb used=5974Kb max_used=5974Kb free=114025Kb
 bounds [0x0000014a80590000, 0x0000014a80b70000, 0x0000014a87ac0000]
CodeHeap 'non-nmethods': size=5696Kb used=1182Kb max_used=1257Kb free=4513Kb
 bounds [0x0000014a80000000, 0x0000014a80270000, 0x0000014a80590000]
 total_blobs=3239 nmethods=2709 adapters=441
 compilation: enabled
              stopped_count=0, restarted_count=0
 full_count=0

Compilation events (20 events):
Event: 5785.930 Thread 0x0000014aff226800 nmethod 3058 0x0000014a80b5ea90 code [0x0000014a80b5ec40, 0x0000014a80b5ee18]
Event: 5805.932 Thread 0x0000014aff226800 3060  s    3       java.net.Socket::getSoTimeout (45 bytes)
Event: 5805.932 Thread 0x0000014aff226800 nmethod 3060 0x0000014a80b5ef10 code [0x0000014a80b5f140, 0x0000014a80b5fa98]
Event: 5805.932 Thread 0x0000014aff226800 3061   !   3       java.net.AbstractPlainSocketImpl::getOption (346 bytes)
Event: 5805.936 Thread 0x0000014aff226800 nmethod 3061 0x0000014a80b5fc90 code [0x0000014a80b60120, 0x0000014a80b62938]
Event: 5825.940 Thread 0x0000014aff226800 3062  s    3       java.rmi.server.RMISocketFactory::getSocketFactory (4 bytes)
Event: 5825.941 Thread 0x0000014aff226800 nmethod 3062 0x0000014a80b63410 code [0x0000014a80b635c0, 0x0000014a80b63818]
Event: 5825.941 Thread 0x0000014aff226800 3063       3       java.net.InetAddress::getByName (7 bytes)
Event: 5825.942 Thread 0x0000014aff226800 nmethod 3063 0x0000014a80b63890 code [0x0000014a80b63a60, 0x0000014a80b63c08]
Event: 5825.942 Thread 0x0000014aff226800 3064       3       java.net.Inet4Address::isAnyLocalAddress (16 bytes)
Event: 5825.942 Thread 0x0000014aff226800 nmethod 3064 0x0000014a80b63d10 code [0x0000014a80b63ec0, 0x0000014a80b640d8]
Event: 5845.949 Thread 0x0000014aff226800 3065       3       sun.rmi.transport.tcp.TCPEndpoint::chooseFactory (14 bytes)
Event: 5845.950 Thread 0x0000014aff226800 nmethod 3065 0x0000014a80b64190 code [0x0000014a80b64340, 0x0000014a80b645f8]
Event: 5845.950 Thread 0x0000014aff226800 3066       3       java.net.Socket::connect (248 bytes)
Event: 5845.953 Thread 0x0000014aff226800 nmethod 3066 0x0000014a80b64710 code [0x0000014a80b64ae0, 0x0000014a80b668d8]
Event: 5845.953 Thread 0x0000014aff226800 3067       3       java.net.Socket::checkAddress (47 bytes)
Event: 5845.954 Thread 0x0000014aff226800 nmethod 3067 0x0000014a80b67110 code [0x0000014a80b67380, 0x0000014a80b67e58]
Event: 5845.954 Thread 0x0000014aff226800 3068       3       sun.net.spi.DefaultProxySelector::select (277 bytes)
Event: 5845.957 Thread 0x0000014aff226800 nmethod 3068 0x0000014a80b68190 code [0x0000014a80b68780, 0x0000014a80b6b678]
Event: 5866.036 Thread 0x0000014aff223000 3069   !   4       java.io.ObjectOutputStream::writeObject0 (619 bytes)

GC Heap History (10 events):
Event: 3.141 GC heap before
{Heap before GC invocations=0 (full 0):
 garbage-first heap   total 131072K, used 14336K [0x0000000082400000, 0x0000000100000000)
  region size 1024K, 14 young (14336K), 0 survivors (0K)
 Metaspace       used 12382K, capacity 12868K, committed 13056K, reserved 1060864K
  class space    used 1272K, capacity 1455K, committed 1536K, reserved 1048576K
}
Event: 3.147 GC heap after
{Heap after GC invocations=1 (full 0):
 garbage-first heap   total 131072K, used 3283K [0x0000000082400000, 0x0000000100000000)
  region size 1024K, 2 young (2048K), 2 survivors (2048K)
 Metaspace       used 12382K, capacity 12868K, committed 13056K, reserved 1060864K
  class space    used 1272K, capacity 1455K, committed 1536K, reserved 1048576K
}
Event: 3.542 GC heap before
{Heap before GC invocations=1 (full 0):
 garbage-first heap   total 131072K, used 15571K [0x0000000082400000, 0x0000000100000000)
  region size 1024K, 14 young (14336K), 2 survivors (2048K)
 Metaspace       used 16334K, capacity 16776K, committed 17024K, reserved 1064960K
  class space    used 1698K, capacity 1879K, committed 1920K, reserved 1048576K
}
Event: 3.549 GC heap after
{Heap after GC invocations=2 (full 0):
 garbage-first heap   total 131072K, used 5720K [0x0000000082400000, 0x0000000100000000)
  region size 1024K, 2 young (2048K), 2 survivors (2048K)
 Metaspace       used 16334K, capacity 16776K, committed 17024K, reserved 1064960K
  class space    used 1698K, capacity 1879K, committed 1920K, reserved 1048576K
}
Event: 4.564 GC heap before
{Heap before GC invocations=2 (full 0):
 garbage-first heap   total 131072K, used 18008K [0x0000000082400000, 0x0000000100000000)
  region size 1024K, 15 young (15360K), 2 survivors (2048K)
 Metaspace       used 20673K, capacity 21149K, committed 21296K, reserved 1069056K
  class space    used 2161K, capacity 2346K, committed 2432K, reserved 1048576K
}
Event: 4.570 GC heap after
{Heap after GC invocations=3 (full 0):
 garbage-first heap   total 131072K, used 7208K [0x0000000082400000, 0x0000000100000000)
  region size 1024K, 4 young (4096K), 4 survivors (4096K)
 Metaspace       used 20673K, capacity 21149K, committed 21296K, reserved 1069056K
  class space    used 2161K, capacity 2346K, committed 2432K, reserved 1048576K
}
Event: 165.870 GC heap before
{Heap before GC invocations=4 (full 0):
 garbage-first heap   total 131072K, used 39976K [0x0000000082400000, 0x0000000100000000)
  region size 1024K, 36 young (36864K), 4 survivors (4096K)
 Metaspace       used 22319K, capacity 22895K, committed 23216K, reserved 1071104K
  class space    used 2260K, capacity 2442K, committed 2560K, reserved 1048576K
}
Event: 165.876 GC heap after
{Heap after GC invocations=5 (full 0):
 garbage-first heap   total 131072K, used 8359K [0x0000000082400000, 0x0000000100000000)
  region size 1024K, 3 young (3072K), 3 survivors (3072K)
 Metaspace       used 22319K, capacity 22895K, committed 23216K, reserved 1071104K
  class space    used 2260K, capacity 2442K, committed 2560K, reserved 1048576K
}
Event: 3765.978 GC heap before
{Heap before GC invocations=5 (full 0):
 garbage-first heap   total 131072K, used 17575K [0x0000000082400000, 0x0000000100000000)
  region size 1024K, 13 young (13312K), 3 survivors (3072K)
 Metaspace       used 22425K, capacity 22959K, committed 23216K, reserved 1071104K
  class space    used 2260K, capacity 2442K, committed 2560K, reserved 1048576K
}
Event: 3766.002 GC heap after
{Heap after GC invocations=6 (full 1):
 garbage-first heap   total 131072K, used 7630K [0x0000000082400000, 0x0000000100000000)
  region size 1024K, 0 young (0K), 0 survivors (0K)
 Metaspace       used 22425K, capacity 22959K, committed 23216K, reserved 1071104K
  class space    used 2260K, capacity 2442K, committed 2560K, reserved 1048576K
}

Deoptimization events (20 events):
Event: 165.485 Thread 0x0000014a95415800 DEOPT PACKING pc=0x0000014a80a2da7b sp=0x00000002ac0fb300
Event: 165.485 Thread 0x0000014a95415800 DEOPT UNPACKING pc=0x0000014a800272ce sp=0x00000002ac0fa758 mode 0
Event: 165.570 Thread 0x0000014a95415800 DEOPT PACKING pc=0x0000014a809f2438 sp=0x00000002ac0fa2a0
Event: 165.570 Thread 0x0000014a95415800 DEOPT UNPACKING pc=0x0000014a800272ce sp=0x00000002ac0f9780 mode 0
Event: 302.969 Thread 0x0000014a950c8000 Uncommon trap: trap_request=0xffffffde fr.pc=0x0000014a87bb5ef0 relative=0x0000000000005cd0
Event: 302.969 Thread 0x0000014a950c8000 Uncommon trap: reason=class_check action=maybe_recompile pc=0x0000014a87bb5ef0 method=java.io.ObjectInputStream.filterCheck(Ljava/lang/Class;I)V @ 53 c2
Event: 302.969 Thread 0x0000014a950c8000 DEOPT PACKING pc=0x0000014a87bb5ef0 sp=0x00000002addfd2b0
Event: 302.969 Thread 0x0000014a950c8000 DEOPT UNPACKING pc=0x0000014a800274af sp=0x00000002addfd0c0 mode 2
Event: 302.969 Thread 0x0000014a950c8000 Uncommon trap: trap_request=0xffffffde fr.pc=0x0000014a87bb5ef0 relative=0x0000000000005cd0
Event: 302.969 Thread 0x0000014a950c8000 Uncommon trap: reason=class_check action=maybe_recompile pc=0x0000014a87bb5ef0 method=java.io.ObjectInputStream.filterCheck(Ljava/lang/Class;I)V @ 53 c2
Event: 302.969 Thread 0x0000014a950c8000 DEOPT PACKING pc=0x0000014a87bb5ef0 sp=0x00000002addfcf40
Event: 302.969 Thread 0x0000014a950c8000 DEOPT UNPACKING pc=0x0000014a800274af sp=0x00000002addfcd50 mode 2
Event: 302.969 Thread 0x0000014a950c8000 Uncommon trap: trap_request=0xffffffde fr.pc=0x0000014a87bb5ef0 relative=0x0000000000005cd0
Event: 302.969 Thread 0x0000014a950c8000 Uncommon trap: reason=class_check action=maybe_recompile pc=0x0000014a87bb5ef0 method=java.io.ObjectInputStream.filterCheck(Ljava/lang/Class;I)V @ 53 c2
Event: 302.969 Thread 0x0000014a950c8000 DEOPT PACKING pc=0x0000014a87bb5ef0 sp=0x00000002addfcbd0
Event: 302.969 Thread 0x0000014a950c8000 DEOPT UNPACKING pc=0x0000014a800274af sp=0x00000002addfc9e0 mode 2
Event: 602.975 Thread 0x0000014a950c8000 Uncommon trap: trap_request=0xffffffde fr.pc=0x0000014a87bb5ef0 relative=0x0000000000005cd0
Event: 602.975 Thread 0x0000014a950c8000 Uncommon trap: reason=class_check action=maybe_recompile pc=0x0000014a87bb5ef0 method=java.io.ObjectInputStream.filterCheck(Ljava/lang/Class;I)V @ 53 c2
Event: 602.975 Thread 0x0000014a950c8000 DEOPT PACKING pc=0x0000014a87bb5ef0 sp=0x00000002addfd2b0
Event: 602.975 Thread 0x0000014a950c8000 DEOPT UNPACKING pc=0x0000014a800274af sp=0x00000002addfd0c0 mode 2

Classes redefined (0 events):
No events

Internal exceptions (20 events):
Event: 2.954 Thread 0x0000014a950b8000 Exception <a 'java/lang/NoSuchMethodError'{0x00000000899317b0}: 'java.lang.Object java.lang.invoke.DirectMethodHandle$Holder.invokeStatic(java.lang.Object, java.lang.Object, java.lang.Object, java.lang.Object, java.lang.Object, java.lang.Object, java.lang.Object, java.lang.Object, int, int, java.lang.Object, java.lang.Object)'> (0x00000000899317b0) thrown at [./src/hotspot/share/interpreter/linkResolver.cpp, line 773]
Event: 2.973 Thread 0x0000014a950b8000 Exception <a 'java/lang/NoSuchMethodError'{0x00000000899b0ca8}: <clinit>> (0x00000000899b0ca8) thrown at [./src/hotspot/share/prims/jni.cpp, line 1362]
Event: 2.978 Thread 0x0000014a950c8000 Exception <a 'java/lang/InterruptedException'{0x0000000089800000}> (0x0000000089800000) thrown at [./src/hotspot/share/runtime/objectMonitor.cpp, line 1635]
Event: 2.979 Thread 0x0000014a950c8000 Exception <a 'java/lang/NoSuchMethodError'{0x0000000089808088}: 'java.lang.Object java.lang.invoke.DirectMethodHandle$Holder.invokeStatic(java.lang.Object, java.lang.Object, int, java.lang.Object, long)'> (0x0000000089808088) thrown at [./src/hotspot/share/interpreter/linkResolver.cpp, line 773]
Event: 3.034 Thread 0x0000014a95175800 Exception <a 'java/lang/NoSuchMethodError'{0x000000008971b888}: 'int java.lang.invoke.DirectMethodHandle$Holder.invokeSpecialIFC(java.lang.Object, java.lang.Object, int)'> (0x000000008971b888) thrown at [./src/hotspot/share/interpreter/linkResolver.cpp, line 773]
Event: 3.111 Thread 0x0000014a95175800 Exception <a 'java/lang/NoSuchMethodError'{0x000000008960c440}: 'java.lang.Object java.lang.invoke.DirectMethodHandle$Holder.invokeVirtual(java.lang.Object, java.lang.Object, java.lang.Object)'> (0x000000008960c440) thrown at [./src/hotspot/share/interpreter/linkResolver.cpp, line 773]
Event: 3.483 Thread 0x0000014a95175800 Exception <a 'sun/nio/fs/WindowsException'{0x00000000899e17e0}> (0x00000000899e17e0) thrown at [./src/hotspot/share/prims/jni.cpp, line 615]
Event: 3.500 Thread 0x0000014a95175800 Exception <a 'java/lang/NoSuchMethodError'{0x0000000089803418}: 'int java.lang.invoke.DirectMethodHandle$Holder.invokeStaticInit(java.lang.Object, java.lang.Object, java.lang.Object, java.lang.Object)'> (0x0000000089803418) thrown at [./src/hotspot/share/interpreter/linkResolver.cpp, line 773]
Event: 3.501 Thread 0x0000014a95175800 Exception <a 'java/lang/IncompatibleClassChangeError'{0x000000008980c610}: Found class java.lang.Object, but interface was expected> (0x000000008980c610) thrown at [./src/hotspot/share/interpreter/linkResolver.cpp, line 839]
Event: 3.502 Thread 0x0000014a95175800 Exception <a 'java/lang/NoSuchMethodError'{0x000000008980f890}: 'void java.lang.invoke.DirectMethodHandle$Holder.invokeStaticInit(java.lang.Object, java.lang.Object)'> (0x000000008980f890) thrown at [./src/hotspot/share/interpreter/linkResolver.cpp, line 773]
Event: 3.503 Thread 0x0000014a95175800 Exception <a 'java/lang/NoSuchMethodError'{0x00000000898158f0}: 'int java.lang.invoke.DirectMethodHandle$Holder.invokeStaticInit(java.lang.Object, java.lang.Object)'> (0x00000000898158f0) thrown at [./src/hotspot/share/interpreter/linkResolver.cpp, line 773]
Event: 4.167 Thread 0x0000014a95175800 Implicit null exception at 0x0000014a87ae8597 to 0x0000014a87ae8ef0
Event: 4.167 Thread 0x0000014a95175800 Implicit null exception at 0x0000014a87b0b994 to 0x0000014a87b0c2d4
Event: 4.606 Thread 0x0000014a95175800 Exception <a 'java/lang/NoSuchMethodError'{0x000000008a20e2b0}: <clinit>> (0x000000008a20e2b0) thrown at [./src/hotspot/share/prims/jni.cpp, line 1362]
Event: 4.609 Thread 0x0000014a95175800 Exception <a 'java/lang/NoSuchMethodError'{0x000000008a21ab78}: <clinit>> (0x000000008a21ab78) thrown at [./src/hotspot/share/prims/jni.cpp, line 1362]
Event: 4.751 Thread 0x0000014a95175800 Exception <a 'java/lang/NoSuchMethodError'{0x000000008a1374e0}: <clinit>> (0x000000008a1374e0) thrown at [./src/hotspot/share/prims/jni.cpp, line 1362]
Event: 4.753 Thread 0x0000014a95175800 Exception <a 'java/lang/NoSuchMethodError'{0x000000008a142610}: <clinit>> (0x000000008a142610) thrown at [./src/hotspot/share/prims/jni.cpp, line 1362]
Event: 4.753 Thread 0x0000014a95175800 Exception <a 'java/lang/NoSuchMethodError'{0x000000008a14d418}: <clinit>> (0x000000008a14d418) thrown at [./src/hotspot/share/prims/jni.cpp, line 1362]
Event: 4.819 Thread 0x0000014a95175800 Exception <a 'java/lang/NoSuchMethodError'{0x000000008a1b7f18}: <clinit>> (0x000000008a1b7f18) thrown at [./src/hotspot/share/prims/jni.cpp, line 1362]
Event: 4.988 Thread 0x0000014a95410800 Exception <a 'java/lang/NoSuchMethodError'{0x0000000089d59a48}: <clinit>> (0x0000000089d59a48) thrown at [./src/hotspot/share/prims/jni.cpp, line 1362]

Events (20 events):
Event: 5820.948 Executing VM operation: RevokeBias done
Event: 5840.948 Executing VM operation: RevokeBias
Event: 5840.948 Executing VM operation: RevokeBias done
Event: 5840.948 Executing VM operation: RevokeBias
Event: 5840.948 Executing VM operation: RevokeBias done
Event: 5840.949 Executing VM operation: RevokeBias
Event: 5840.949 Executing VM operation: RevokeBias done
Event: 5840.949 Executing VM operation: RevokeBias
Event: 5840.949 Executing VM operation: RevokeBias done
Event: 5860.963 Executing VM operation: RevokeBias
Event: 5860.963 Executing VM operation: RevokeBias done
Event: 5860.963 Executing VM operation: RevokeBias
Event: 5860.963 Executing VM operation: RevokeBias done
Event: 5860.963 Executing VM operation: BulkRevokeBias
Event: 5860.963 Executing VM operation: BulkRevokeBias done
Event: 5860.963 Executing VM operation: RevokeBias
Event: 5860.964 Executing VM operation: RevokeBias done
Event: 5866.034 Thread 0x0000014a95413000 Thread added: 0x0000014a95413000
Event: 5866.035 Executing VM operation: RevokeBias
Event: 5866.035 Executing VM operation: RevokeBias done


Dynamic libraries:
0x00007ff786590000 - 0x00007ff78659a000 	D:\Program Files\JetBrains\IntelliJ IDEA 2020.1\jbr\bin\java.exe
0x00007ffc31110000 - 0x00007ffc31306000 	C:\WINDOWS\SYSTEM32\ntdll.dll
0x00007ffc2f310000 - 0x00007ffc2f3cd000 	C:\WINDOWS\System32\KERNEL32.DLL
0x00007ffc2eea0000 - 0x00007ffc2f169000 	C:\WINDOWS\System32\KERNELBASE.dll
0x00007ffc2c100000 - 0x00007ffc2c190000 	C:\WINDOWS\SYSTEM32\apphelp.dll
0x00007ffc2e8f0000 - 0x00007ffc2e9f0000 	C:\WINDOWS\System32\ucrtbase.dll
0x00007ffc18300000 - 0x00007ffc18317000 	D:\Program Files\JetBrains\IntelliJ IDEA 2020.1\jbr\bin\VCRUNTIME140.dll
0x00007ffc1e870000 - 0x00007ffc1e889000 	D:\Program Files\JetBrains\IntelliJ IDEA 2020.1\jbr\bin\jli.dll
0x00007ffc2f170000 - 0x00007ffc2f310000 	C:\WINDOWS\System32\USER32.dll
0x00007ffc199c0000 - 0x00007ffc19c5b000 	C:\WINDOWS\WinSxS\amd64_microsoft.windows.common-controls_6595b64144ccf1df_6.0.19041.746_none_ca02b4b61b8320a4\COMCTL32.dll
0x00007ffc31030000 - 0x00007ffc310ce000 	C:\WINDOWS\System32\msvcrt.dll
0x00007ffc2f490000 - 0x00007ffc2f4ba000 	C:\WINDOWS\System32\GDI32.dll
0x00007ffc2e9f0000 - 0x00007ffc2ea12000 	C:\WINDOWS\System32\win32u.dll
0x00007ffc2ebe0000 - 0x00007ffc2eceb000 	C:\WINDOWS\System32\gdi32full.dll
0x00007ffc2e850000 - 0x00007ffc2e8ed000 	C:\WINDOWS\System32\msvcp_win.dll
0x00007ffc2ff10000 - 0x00007ffc2ff40000 	C:\WINDOWS\System32\IMM32.DLL
0x00007ffc14060000 - 0x00007ffc140fd000 	D:\Program Files\JetBrains\IntelliJ IDEA 2020.1\jbr\bin\msvcp140.dll
0x00007ffbbfe00000 - 0x00007ffbc08ce000 	D:\Program Files\JetBrains\IntelliJ IDEA 2020.1\jbr\bin\server\jvm.dll
0x00007ffc2fdb0000 - 0x00007ffc2fe5c000 	C:\WINDOWS\System32\ADVAPI32.dll
0x00007ffc303d0000 - 0x00007ffc3046c000 	C:\WINDOWS\System32\sechost.dll
0x00007ffc30b60000 - 0x00007ffc30c8b000 	C:\WINDOWS\System32\RPCRT4.dll
0x00007ffc303c0000 - 0x00007ffc303c8000 	C:\WINDOWS\System32\PSAPI.DLL
0x00007ffc17770000 - 0x00007ffc17797000 	C:\WINDOWS\SYSTEM32\WINMM.dll
0x00007ffc277f0000 - 0x00007ffc277f9000 	C:\WINDOWS\SYSTEM32\WSOCK32.dll
0x00007ffc30350000 - 0x00007ffc303bb000 	C:\WINDOWS\System32\WS2_32.dll
0x00007ffc28940000 - 0x00007ffc2894a000 	C:\WINDOWS\SYSTEM32\VERSION.dll
0x00007ffc2c750000 - 0x00007ffc2c762000 	C:\WINDOWS\SYSTEM32\kernel.appcore.dll
0x00007ffc27bb0000 - 0x00007ffc27bc1000 	D:\Program Files\JetBrains\IntelliJ IDEA 2020.1\jbr\bin\verify.dll
0x00007ffc18800000 - 0x00007ffc189e4000 	C:\WINDOWS\SYSTEM32\DBGHELP.DLL
0x00007ffc137b0000 - 0x00007ffc137dc000 	C:\WINDOWS\SYSTEM32\dbgcore.DLL
0x00007ffc2ed40000 - 0x00007ffc2edc0000 	C:\WINDOWS\System32\bcryptPrimitives.dll
0x00007ffc1eba0000 - 0x00007ffc1ebc9000 	D:\Program Files\JetBrains\IntelliJ IDEA 2020.1\jbr\bin\java.dll
0x00007ffc27300000 - 0x00007ffc2730b000 	D:\Program Files\JetBrains\IntelliJ IDEA 2020.1\jbr\bin\jimage.dll
0x00007ffc1bda0000 - 0x00007ffc1bdb8000 	D:\Program Files\JetBrains\IntelliJ IDEA 2020.1\jbr\bin\zip.dll
0x00007ffc2f4d0000 - 0x00007ffc2fc13000 	C:\WINDOWS\System32\SHELL32.dll
0x00007ffc2c950000 - 0x00007ffc2d0df000 	C:\WINDOWS\SYSTEM32\windows.storage.dll
0x00007ffc2fff0000 - 0x00007ffc30346000 	C:\WINDOWS\System32\combase.dll
0x00007ffc2e1e0000 - 0x00007ffc2e20c000 	C:\WINDOWS\SYSTEM32\Wldp.dll
0x00007ffc2ff40000 - 0x00007ffc2ffee000 	C:\WINDOWS\System32\SHCORE.dll
0x00007ffc2f430000 - 0x00007ffc2f485000 	C:\WINDOWS\System32\shlwapi.dll
0x00007ffc2e780000 - 0x00007ffc2e7a6000 	C:\WINDOWS\SYSTEM32\profapi.dll
0x00007ffc1bd80000 - 0x00007ffc1bd9a000 	D:\Program Files\JetBrains\IntelliJ IDEA 2020.1\jbr\bin\net.dll
0x00007ffc22720000 - 0x00007ffc22820000 	C:\WINDOWS\SYSTEM32\WINHTTP.dll
0x00007ffc2dfd0000 - 0x00007ffc2e03a000 	C:\WINDOWS\system32\mswsock.dll
0x00007ffc1bd60000 - 0x00007ffc1bd74000 	D:\Program Files\JetBrains\IntelliJ IDEA 2020.1\jbr\bin\nio.dll
0x00007ffc2e220000 - 0x00007ffc2e238000 	C:\WINDOWS\SYSTEM32\CRYPTSP.dll
0x00007ffc2d920000 - 0x00007ffc2d954000 	C:\WINDOWS\system32\rsaenh.dll
0x00007ffc2ee70000 - 0x00007ffc2ee97000 	C:\WINDOWS\System32\bcrypt.dll
0x00007ffc2e740000 - 0x00007ffc2e76e000 	C:\WINDOWS\SYSTEM32\USERENV.dll
0x00007ffc2e150000 - 0x00007ffc2e15c000 	C:\WINDOWS\SYSTEM32\CRYPTBASE.dll
0x00007ffc2dc90000 - 0x00007ffc2dccb000 	C:\WINDOWS\SYSTEM32\IPHLPAPI.DLL
0x00007ffc2fc80000 - 0x00007ffc2fc88000 	C:\WINDOWS\System32\NSI.dll
0x00007ffc267f0000 - 0x00007ffc26807000 	C:\WINDOWS\SYSTEM32\dhcpcsvc6.DLL
0x00007ffc267d0000 - 0x00007ffc267ed000 	C:\WINDOWS\SYSTEM32\dhcpcsvc.DLL
0x00007ffc2dce0000 - 0x00007ffc2ddab000 	C:\WINDOWS\SYSTEM32\DNSAPI.dll
0x00007ffc1bd30000 - 0x00007ffc1bd38000 	D:\Program Files\JetBrains\IntelliJ IDEA 2020.1\jbr\bin\rmi.dll
0x00007ffc15120000 - 0x00007ffc15153000 	C:\Program Files (x86)\Sangfor\SSL\ClientComponent2\SangforNspX64.dll
0x00007ffc30f00000 - 0x00007ffc3102a000 	C:\WINDOWS\System32\ole32.dll
0x00007ffc30470000 - 0x00007ffc3053d000 	C:\WINDOWS\System32\OLEAUT32.dll
0x00007ffc1f730000 - 0x00007ffc1f7af000 	C:\WINDOWS\System32\fwpuclnt.dll
0x00007ffc1f6e0000 - 0x00007ffc1f6ea000 	C:\Windows\System32\rasadhlp.dll
0x00007ffc18570000 - 0x00007ffc18598000 	D:\Program Files\JetBrains\IntelliJ IDEA 2020.1\jbr\bin\sunec.dll

dbghelp: loaded successfully - version: 4.0.5 - missing functions: none
symbol engine: initialized successfully - sym options: 0x614 - pdb path: .;D:\Program Files\JetBrains\IntelliJ IDEA 2020.1\jbr\bin;C:\WINDOWS\SYSTEM32;C:\WINDOWS\WinSxS\amd64_microsoft.windows.common-controls_6595b64144ccf1df_6.0.19041.746_none_ca02b4b61b8320a4;D:\Program Files\JetBrains\IntelliJ IDEA 2020.1\jbr\bin\server;C:\Program Files (x86)\Sangfor\SSL\ClientComponent2

VM Arguments:
jvm_args: -Djava.net.preferIPv4Stack=true -Djava.rmi.server.hostname=127.0.0.1 -Duser.timezone=UTC -Xmx2011m -Xms128m -Dfile.encoding=UTF-8 
java_command: com.intellij.database.remote.RemoteJdbcServer com.mysql.cj.jdbc.Driver
java_class_path (initial): D:\Program Files\JetBrains\IntelliJ IDEA 2020.1\lib\util.jar;D:\Program Files\JetBrains\IntelliJ IDEA 2020.1\lib\trove4j.jar;D:\Program Files\JetBrains\IntelliJ IDEA 2020.1\lib\groovy-2.5.11.jar;D:\Program Files\JetBrains\IntelliJ IDEA 2020.1\plugins\DatabaseTools\lib\jdbc-console.jar;C:\Users\Administrator\AppData\Roaming\JetBrains\IntelliJIdea2020.3\jdbc-drivers\MySQL Connector\J 8\8.0.15\mysql-connector-java-8.0.15.jar;D:\users\lenovo\IDEA_JAVA\lib\sqljdbc4-2.0.jar
Launcher Type: SUN_STANDARD

[Global flags]
     intx CICompilerCount                          = 3                                         {product} {ergonomic}
     uint ConcGCThreads                            = 1                                         {product} {ergonomic}
     uint G1ConcRefinementThreads                  = 4                                         {product} {ergonomic}
   size_t G1HeapRegionSize                         = 1048576                                   {product} {ergonomic}
    uintx GCDrainStackTargetSize                   = 64                                        {product} {ergonomic}
   size_t InitialHeapSize                          = 134217728                                 {product} {command line}
   size_t MarkStackSize                            = 4194304                                   {product} {ergonomic}
   size_t MaxHeapSize                              = 2109734912                                {product} {command line, ergonomic}
   size_t MaxNewSize                               = 1265631232                                {product} {ergonomic}
   size_t MinHeapDeltaBytes                        = 1048576                                   {product} {ergonomic}
    uintx NonNMethodCodeHeapSize                   = 5830732                                {pd product} {ergonomic}
    uintx NonProfiledCodeHeapSize                  = 122913754                              {pd product} {ergonomic}
    uintx ProfiledCodeHeapSize                     = 122913754                              {pd product} {ergonomic}
    uintx ReservedCodeCacheSize                    = 251658240                              {pd product} {ergonomic}
     bool SegmentedCodeCache                       = true                                      {product} {ergonomic}
     bool UseCompressedClassPointers               = true                                 {lp64_product} {ergonomic}
     bool UseCompressedOops                        = true                                 {lp64_product} {ergonomic}
     bool UseG1GC                                  = true                                      {product} {ergonomic}
     bool UseLargePagesIndividualAllocation        = false                                  {pd product} {ergonomic}

Logging:
Log output configuration:
 #0: stdout all=warning uptime,level,tags
 #1: stderr all=off uptime,level,tags

Environment Variables:
JAVA_HOME=D:\Program Files\Java\jdk-12.0.1
CLASSPATH=.;D:\Program Files\Java\jdk-12.0.1\lib;D:\Program Files\Java\jdk-12.0.1\lib\dt.jar;D:\Program Files\Java\jdk-12.0.1\lib\tools.jar
PATH=D:\Program Files\NIVADA\bin;D:\Program Files\NIVADA\libnvvp;D:\Program Files\Java\jdk-12.0.1\bin;D:\Program Files\mingw64\bin;D:\Program Files\NASM;D:\Program Files\nodejs;D:\users\lenovo\mysql-8.0.18-winx64\bin;D:\Program Files (x86)\SQLite;D:\users\lenovo\Go\bin;C:\Windows\System32;D:\ProgramData\Anaconda3;D:\Program Files\python3.8\Scripts;D:\ProgramData\Anaconda3\Scripts;D:\Program Files\JetBrains\IntelliJ IDEA 2020.1\plugins\maven\lib\maven3\bin;C:\Windows;D:\Ubuntu;D:\Ubuntu\rootfs\usr\bin;C:\Windows\System32\WindowsPowerShell\v1.0;D:\ProgramData\Anaconda3\Lib;D:\Program Files\python3.8\Lib\site-packages;D:\ProgramData\Anaconda3\Lib\site-packages;D:\Program Files (x86)\vcpkg;D:\Program Files\IBM\SPSS\Statistics\25\JRE\bin;C:\Windows\SysWOW64;D:\ProgramData\Anaconda3\Library\bin;D:\ProgramData\Anaconda3\Library\mingw-w64\bin;C:\Program Files\NVIDIA Corporation\Nsight Compute 2020.2.0\;C:\Program Files (x86)\NVIDIA Corporation\PhysX\Common;C:\Program Files\NVIDIA Corporation\NVIDIA NvDLISR;D:\Program Files\NIVADA\bin;D:\Program Files\NIVADA\lib\x64;D:\Program Files\NIVADA;D:\Program Files\NIVADA\libnvvp;D:\Program Files (x86)\Git\cmd;D:\Program Files\nodejs\node_modules;C:\Program Files\dotnet\;D:\users\chocolatey\bin;D:\users\Memurai;D:\users\chocolatey;D:\Program Files\Redis;D:\Program Files\python3.8\Scripts\;D:\Program Files\python3.8\;C:\Users\Administrator\.cargo\bin;C:\Users\Administrator\AppData\Local\Microsoft\WindowsApps;D:\Program Files\Bandizip\;%CLion%;C:\Users\Administrator\go\bin;C:\Users\Administrator\AppData\Roaming\npm;D:\Program Files\Docker Toolbox;D:\Program Files\JetBrains\PyCharm 2019.3.3\bin;D:\Program Files\JetBrains\IntelliJ IDEA 2020.1\bin;C:\Users\Administrator\.dotnet\tools;C:\Users\Administrator\AppData\Local\atom\bin;D:\Program Files\JetBrains\WebStorm\bin;D:\Program Files\Huawei\DevEco Studio\bin;D:\Program Files\Vscode\Microsoft VS Code\bin;C:\Users\Administrator\.dotnet\tools
USERNAME=彭友聪
OS=Windows_NT
PROCESSOR_IDENTIFIER=Intel64 Family 6 Model 158 Stepping 9, GenuineIntel



---------------  S Y S T E M  ---------------

OS: Windows 10 , 64 bit Build 19041 (10.0.19041.662)
OS uptime: 0 days 5:53 hours
HyperV virtualization detected

CPU:total 4 (initial active 4) (4 cores per cpu, 1 threads per core) family 6 model 158 stepping 9, cmov, cx8, fxsr, mmx, sse, sse2, sse3, ssse3, sse4.1, sse4.2, popcnt, avx, avx2, aes, clmul, erms, 3dnowpref, lzcnt, tsc, tscinvbit, bmi1, bmi2, adx, fma

Memory: 4k page, system-wide physical 16090M (3090M free)
TotalPageFile size 16090M (AvailPageFile size 6M)
current process WorkingSet (physical memory assigned to process): 78M, peak: 159M
current process commit charge ("private bytes"): 240M, peak: 272M

vm_info: OpenJDK 64-Bit Server VM (11.0.9.1+11-b1145.63) for windows-amd64 JRE (11.0.9.1+11-b1145.63), built on Dec 21 2020 13:58:54 by "" with MS VC++ 14.0 (VS2015)

END.
